2020-12-15 14:06:30,383:INFO:
=======
models:UNet,
epoch:21,
batch size:1
dataset:corneal
========
2020-12-15 14:06:31,737:INFO:Epoch 0/20
2020-12-15 14:06:32,627:INFO:1/1238,train_loss:0.716
2020-12-15 14:06:32,757:INFO:2/1238,train_loss:0.694
2020-12-15 14:06:32,878:INFO:3/1238,train_loss:0.667
2020-12-15 14:06:32,998:INFO:4/1238,train_loss:0.643
2020-12-15 14:06:33,122:INFO:5/1238,train_loss:0.626
2020-12-15 14:06:33,243:INFO:6/1238,train_loss:0.610
2020-12-15 14:06:33,365:INFO:7/1238,train_loss:0.598
2020-12-15 14:06:33,489:INFO:8/1238,train_loss:0.624
2020-12-15 14:06:33,607:INFO:9/1238,train_loss:0.600
2020-12-15 14:06:33,729:INFO:10/1238,train_loss:0.593
2020-12-15 14:06:33,847:INFO:11/1238,train_loss:0.581
2020-12-15 14:06:33,969:INFO:12/1238,train_loss:0.588
2020-12-15 14:06:34,088:INFO:13/1238,train_loss:0.574
2020-12-15 14:06:34,209:INFO:14/1238,train_loss:0.568
2020-12-15 14:06:34,328:INFO:15/1238,train_loss:0.557
2020-12-15 14:06:34,448:INFO:16/1238,train_loss:0.552
2020-12-15 14:06:34,567:INFO:17/1238,train_loss:0.550
2020-12-15 14:06:34,688:INFO:18/1238,train_loss:0.551
2020-12-15 14:06:34,808:INFO:19/1238,train_loss:0.543
2020-12-15 14:06:34,928:INFO:20/1238,train_loss:0.539
2020-12-15 14:06:35,048:INFO:21/1238,train_loss:0.537
2020-12-15 14:06:35,168:INFO:22/1238,train_loss:0.528
2020-12-15 14:06:35,289:INFO:23/1238,train_loss:0.525
2020-12-15 14:06:35,410:INFO:24/1238,train_loss:0.524
2020-12-15 14:06:35,529:INFO:25/1238,train_loss:0.519
2020-12-15 14:06:35,648:INFO:26/1238,train_loss:0.516
2020-12-15 14:06:35,771:INFO:27/1238,train_loss:0.519
2020-12-15 14:06:35,890:INFO:28/1238,train_loss:0.507
2020-12-15 14:06:36,009:INFO:29/1238,train_loss:0.503
2020-12-15 14:06:36,128:INFO:30/1238,train_loss:0.505
2020-12-15 14:06:36,246:INFO:31/1238,train_loss:0.497
2020-12-15 14:06:36,365:INFO:32/1238,train_loss:0.494
2020-12-15 14:06:36,483:INFO:33/1238,train_loss:0.487
2020-12-15 14:06:36,605:INFO:34/1238,train_loss:0.494
2020-12-15 14:06:36,724:INFO:35/1238,train_loss:0.488
2020-12-15 14:06:36,844:INFO:36/1238,train_loss:0.479
2020-12-15 14:06:36,964:INFO:37/1238,train_loss:0.478
2020-12-15 14:06:37,083:INFO:38/1238,train_loss:0.475
2020-12-15 14:06:37,206:INFO:39/1238,train_loss:0.472
2020-12-15 14:06:37,325:INFO:40/1238,train_loss:0.471
2020-12-15 14:06:37,443:INFO:41/1238,train_loss:0.467
2020-12-15 14:06:37,562:INFO:42/1238,train_loss:0.462
2020-12-15 14:06:37,681:INFO:43/1238,train_loss:0.460
2020-12-15 14:06:37,801:INFO:44/1238,train_loss:0.464
2020-12-15 14:06:37,920:INFO:45/1238,train_loss:0.460
2020-12-15 14:06:38,042:INFO:46/1238,train_loss:0.458
2020-12-15 14:06:38,160:INFO:47/1238,train_loss:0.451
2020-12-15 14:06:38,279:INFO:48/1238,train_loss:0.455
2020-12-15 14:06:38,398:INFO:49/1238,train_loss:0.444
2020-12-15 14:06:38,517:INFO:50/1238,train_loss:0.454
2020-12-15 14:06:38,642:INFO:51/1238,train_loss:0.455
2020-12-15 14:06:38,761:INFO:52/1238,train_loss:0.444
2020-12-15 14:06:38,882:INFO:53/1238,train_loss:0.448
2020-12-15 14:06:39,006:INFO:54/1238,train_loss:0.440
2020-12-15 14:06:39,126:INFO:55/1238,train_loss:0.434
2020-12-15 14:06:39,246:INFO:56/1238,train_loss:0.435
2020-12-15 14:06:39,364:INFO:57/1238,train_loss:0.432
2020-12-15 14:06:39,484:INFO:58/1238,train_loss:0.426
2020-12-15 14:06:39,605:INFO:59/1238,train_loss:0.423
2020-12-15 14:06:39,724:INFO:60/1238,train_loss:0.423
2020-12-15 14:06:39,843:INFO:61/1238,train_loss:0.413
2020-12-15 14:06:39,963:INFO:62/1238,train_loss:0.405
2020-12-15 14:06:40,084:INFO:63/1238,train_loss:0.404
2020-12-15 14:06:40,203:INFO:64/1238,train_loss:0.397
2020-12-15 14:06:40,321:INFO:65/1238,train_loss:0.395
2020-12-15 14:06:40,444:INFO:66/1238,train_loss:0.410
2020-12-15 14:06:40,567:INFO:67/1238,train_loss:0.398
2020-12-15 14:06:40,689:INFO:68/1238,train_loss:0.391
2020-12-15 14:06:40,807:INFO:69/1238,train_loss:0.391
2020-12-15 14:06:40,927:INFO:70/1238,train_loss:0.387
2020-12-15 14:06:41,044:INFO:71/1238,train_loss:0.385
2020-12-15 14:06:41,163:INFO:72/1238,train_loss:0.387
2020-12-15 14:06:41,284:INFO:73/1238,train_loss:0.378
2020-12-15 14:06:41,404:INFO:74/1238,train_loss:0.376
2020-12-15 14:06:41,523:INFO:75/1238,train_loss:0.370
2020-12-15 14:06:41,640:INFO:76/1238,train_loss:0.368
2020-12-15 14:06:41,758:INFO:77/1238,train_loss:0.376
2020-12-15 14:06:41,877:INFO:78/1238,train_loss:0.362
2020-12-15 14:06:41,997:INFO:79/1238,train_loss:0.361
2020-12-15 14:06:42,115:INFO:80/1238,train_loss:0.358
2020-12-15 14:06:42,234:INFO:81/1238,train_loss:0.358
2020-12-15 14:06:42,353:INFO:82/1238,train_loss:0.354
2020-12-15 14:06:42,469:INFO:83/1238,train_loss:0.360
2020-12-15 14:06:42,591:INFO:84/1238,train_loss:0.352
2020-12-15 14:06:42,709:INFO:85/1238,train_loss:0.357
2020-12-15 14:06:42,828:INFO:86/1238,train_loss:0.352
2020-12-15 14:06:42,949:INFO:87/1238,train_loss:0.343
2020-12-15 14:06:43,070:INFO:88/1238,train_loss:0.361
2020-12-15 14:06:43,193:INFO:89/1238,train_loss:0.342
2020-12-15 14:06:43,312:INFO:90/1238,train_loss:0.332
2020-12-15 14:06:43,431:INFO:91/1238,train_loss:0.327
2020-12-15 14:06:43,551:INFO:92/1238,train_loss:0.340
2020-12-15 14:06:43,668:INFO:93/1238,train_loss:0.337
2020-12-15 14:06:43,788:INFO:94/1238,train_loss:0.328
2020-12-15 14:06:43,909:INFO:95/1238,train_loss:0.326
2020-12-15 14:06:44,030:INFO:96/1238,train_loss:0.321
2020-12-15 14:06:44,150:INFO:97/1238,train_loss:0.320
2020-12-15 14:06:44,271:INFO:98/1238,train_loss:0.316
2020-12-15 14:06:44,389:INFO:99/1238,train_loss:0.335
2020-12-15 14:06:44,508:INFO:100/1238,train_loss:0.311
2020-12-15 14:06:44,626:INFO:101/1238,train_loss:0.306
2020-12-15 14:06:44,744:INFO:102/1238,train_loss:0.301
2020-12-15 14:06:44,864:INFO:103/1238,train_loss:0.296
2020-12-15 14:06:44,985:INFO:104/1238,train_loss:0.298
2020-12-15 14:06:45,104:INFO:105/1238,train_loss:0.297
2020-12-15 14:06:45,224:INFO:106/1238,train_loss:0.298
2020-12-15 14:06:45,343:INFO:107/1238,train_loss:0.287
2020-12-15 14:06:45,465:INFO:108/1238,train_loss:0.290
2020-12-15 14:06:45,585:INFO:109/1238,train_loss:0.289
2020-12-15 14:06:45,703:INFO:110/1238,train_loss:0.299
2020-12-15 14:06:45,822:INFO:111/1238,train_loss:0.282
2020-12-15 14:06:45,940:INFO:112/1238,train_loss:0.274
2020-12-15 14:06:46,058:INFO:113/1238,train_loss:0.273
2020-12-15 14:06:46,177:INFO:114/1238,train_loss:0.271
2020-12-15 14:06:46,297:INFO:115/1238,train_loss:0.281
2020-12-15 14:06:46,416:INFO:116/1238,train_loss:0.273
2020-12-15 14:06:46,534:INFO:117/1238,train_loss:0.282
2020-12-15 14:06:46,654:INFO:118/1238,train_loss:0.273
2020-12-15 14:06:46,774:INFO:119/1238,train_loss:0.267
2020-12-15 14:06:46,892:INFO:120/1238,train_loss:0.269
2020-12-15 14:06:47,013:INFO:121/1238,train_loss:0.269
2020-12-15 14:06:47,133:INFO:122/1238,train_loss:0.271
2020-12-15 14:06:47,252:INFO:123/1238,train_loss:0.256
2020-12-15 14:06:47,374:INFO:124/1238,train_loss:0.258
2020-12-15 14:06:47,493:INFO:125/1238,train_loss:0.258
2020-12-15 14:06:47,612:INFO:126/1238,train_loss:0.259
2020-12-15 14:06:47,730:INFO:127/1238,train_loss:0.250
2020-12-15 14:06:47,849:INFO:128/1238,train_loss:0.270
2020-12-15 14:06:47,969:INFO:129/1238,train_loss:0.256
2020-12-15 14:06:48,087:INFO:130/1238,train_loss:0.252
2020-12-15 14:06:48,205:INFO:131/1238,train_loss:0.264
2020-12-15 14:06:48,325:INFO:132/1238,train_loss:0.260
2020-12-15 14:06:48,447:INFO:133/1238,train_loss:0.247
2020-12-15 14:06:48,568:INFO:134/1238,train_loss:0.259
2020-12-15 14:06:48,686:INFO:135/1238,train_loss:0.250
2020-12-15 14:06:48,804:INFO:136/1238,train_loss:0.252
2020-12-15 14:06:48,924:INFO:137/1238,train_loss:0.248
2020-12-15 14:06:49,043:INFO:138/1238,train_loss:0.242
2020-12-15 14:06:49,164:INFO:139/1238,train_loss:0.237
2020-12-15 14:06:49,284:INFO:140/1238,train_loss:0.231
2020-12-15 14:06:49,403:INFO:141/1238,train_loss:0.237
2020-12-15 14:06:49,523:INFO:142/1238,train_loss:0.227
2020-12-15 14:06:49,643:INFO:143/1238,train_loss:0.230
2020-12-15 14:06:49,761:INFO:144/1238,train_loss:0.228
2020-12-15 14:06:49,881:INFO:145/1238,train_loss:0.232
2020-12-15 14:06:50,001:INFO:146/1238,train_loss:0.232
2020-12-15 14:06:50,121:INFO:147/1238,train_loss:0.233
2020-12-15 14:06:50,238:INFO:148/1238,train_loss:0.224
2020-12-15 14:06:50,354:INFO:149/1238,train_loss:0.219
2020-12-15 14:06:50,473:INFO:150/1238,train_loss:0.218
2020-12-15 14:06:50,592:INFO:151/1238,train_loss:0.221
2020-12-15 14:06:50,715:INFO:152/1238,train_loss:0.219
2020-12-15 14:06:50,837:INFO:153/1238,train_loss:0.225
2020-12-15 14:06:50,957:INFO:154/1238,train_loss:0.222
2020-12-15 14:06:51,078:INFO:155/1238,train_loss:0.213
2020-12-15 14:06:51,198:INFO:156/1238,train_loss:0.216
2020-12-15 14:06:51,318:INFO:157/1238,train_loss:0.208
2020-12-15 14:06:51,437:INFO:158/1238,train_loss:0.200
2020-12-15 14:06:51,557:INFO:159/1238,train_loss:0.201
2020-12-15 14:06:51,677:INFO:160/1238,train_loss:0.197
2020-12-15 14:06:51,796:INFO:161/1238,train_loss:0.197
2020-12-15 14:06:51,916:INFO:162/1238,train_loss:0.201
2020-12-15 14:06:52,035:INFO:163/1238,train_loss:0.196
2020-12-15 14:06:52,154:INFO:164/1238,train_loss:0.196
2020-12-15 14:06:52,274:INFO:165/1238,train_loss:0.209
2020-12-15 14:06:52,394:INFO:166/1238,train_loss:0.202
2020-12-15 14:06:52,514:INFO:167/1238,train_loss:0.200
2020-12-15 14:06:52,634:INFO:168/1238,train_loss:0.203
2020-12-15 14:06:52,754:INFO:169/1238,train_loss:0.204
2020-12-15 14:06:52,872:INFO:170/1238,train_loss:0.196
2020-12-15 14:06:52,991:INFO:171/1238,train_loss:0.194
2020-12-15 14:06:53,111:INFO:172/1238,train_loss:0.198
2020-12-15 14:06:53,230:INFO:173/1238,train_loss:0.195
2020-12-15 14:06:53,348:INFO:174/1238,train_loss:0.199
2020-12-15 14:06:53,467:INFO:175/1238,train_loss:0.196
2020-12-15 14:06:53,587:INFO:176/1238,train_loss:0.210
2020-12-15 14:06:53,708:INFO:177/1238,train_loss:0.175
2020-12-15 14:06:53,829:INFO:178/1238,train_loss:0.172
2020-12-15 14:06:53,949:INFO:179/1238,train_loss:0.188
2020-12-15 14:06:54,069:INFO:180/1238,train_loss:0.174
2020-12-15 14:06:54,187:INFO:181/1238,train_loss:0.167
2020-12-15 14:06:54,307:INFO:182/1238,train_loss:0.169
2020-12-15 14:06:54,427:INFO:183/1238,train_loss:0.172
2020-12-15 14:06:54,549:INFO:184/1238,train_loss:0.187
2020-12-15 14:06:54,667:INFO:185/1238,train_loss:0.187
2020-12-15 14:06:54,787:INFO:186/1238,train_loss:0.167
2020-12-15 14:06:54,908:INFO:187/1238,train_loss:0.188
2020-12-15 14:06:55,027:INFO:188/1238,train_loss:0.162
2020-12-15 14:06:55,145:INFO:189/1238,train_loss:0.194
2020-12-15 14:06:55,264:INFO:190/1238,train_loss:0.189
2020-12-15 14:06:55,383:INFO:191/1238,train_loss:0.184
2020-12-15 14:06:55,501:INFO:192/1238,train_loss:0.191
2020-12-15 14:06:55,620:INFO:193/1238,train_loss:0.177
2020-12-15 14:06:55,742:INFO:194/1238,train_loss:0.156
2020-12-15 14:06:55,861:INFO:195/1238,train_loss:0.167
2020-12-15 14:06:55,980:INFO:196/1238,train_loss:0.182
2020-12-15 14:06:56,099:INFO:197/1238,train_loss:0.169
2020-12-15 14:06:56,220:INFO:198/1238,train_loss:0.188
2020-12-15 14:06:56,339:INFO:199/1238,train_loss:0.144
2020-12-15 14:06:56,460:INFO:200/1238,train_loss:0.168
2020-12-15 14:06:56,579:INFO:201/1238,train_loss:0.169
2020-12-15 14:06:56,698:INFO:202/1238,train_loss:0.166
2020-12-15 14:06:56,818:INFO:203/1238,train_loss:0.179
2020-12-15 14:06:56,936:INFO:204/1238,train_loss:0.156
2020-12-15 14:06:57,055:INFO:205/1238,train_loss:0.157
2020-12-15 14:06:57,175:INFO:206/1238,train_loss:0.156
2020-12-15 14:06:57,298:INFO:207/1238,train_loss:0.162
2020-12-15 14:06:57,417:INFO:208/1238,train_loss:0.160
2020-12-15 14:06:57,536:INFO:209/1238,train_loss:0.159
2020-12-15 14:06:57,654:INFO:210/1238,train_loss:0.140
2020-12-15 14:06:57,776:INFO:211/1238,train_loss:0.163
2020-12-15 14:06:57,903:INFO:212/1238,train_loss:0.147
2020-12-15 14:06:58,025:INFO:213/1238,train_loss:0.154
2020-12-15 14:06:58,145:INFO:214/1238,train_loss:0.157
2020-12-15 14:06:58,264:INFO:215/1238,train_loss:0.152
2020-12-15 14:06:58,385:INFO:216/1238,train_loss:0.158
2020-12-15 14:06:58,511:INFO:217/1238,train_loss:0.169
2020-12-15 14:06:58,634:INFO:218/1238,train_loss:0.150
2020-12-15 14:06:58,753:INFO:219/1238,train_loss:0.137
2020-12-15 14:06:58,874:INFO:220/1238,train_loss:0.132
2020-12-15 14:06:58,993:INFO:221/1238,train_loss:0.142
2020-12-15 14:06:59,113:INFO:222/1238,train_loss:0.124
2020-12-15 14:06:59,232:INFO:223/1238,train_loss:0.144
2020-12-15 14:06:59,350:INFO:224/1238,train_loss:0.143
2020-12-15 14:06:59,468:INFO:225/1238,train_loss:0.132
2020-12-15 14:06:59,586:INFO:226/1238,train_loss:0.146
2020-12-15 14:06:59,706:INFO:227/1238,train_loss:0.124
2020-12-15 14:06:59,827:INFO:228/1238,train_loss:0.127
2020-12-15 14:06:59,946:INFO:229/1238,train_loss:0.120
2020-12-15 14:07:00,065:INFO:230/1238,train_loss:0.115
2020-12-15 14:07:00,183:INFO:231/1238,train_loss:0.140
2020-12-15 14:07:00,303:INFO:232/1238,train_loss:0.137
2020-12-15 14:07:00,423:INFO:233/1238,train_loss:0.123
2020-12-15 14:07:00,545:INFO:234/1238,train_loss:0.150
2020-12-15 14:07:00,665:INFO:235/1238,train_loss:0.102
2020-12-15 14:07:00,783:INFO:236/1238,train_loss:0.110
2020-12-15 14:07:00,901:INFO:237/1238,train_loss:0.124
2020-12-15 14:07:01,021:INFO:238/1238,train_loss:0.124
2020-12-15 14:07:01,139:INFO:239/1238,train_loss:0.132
2020-12-15 14:07:01,258:INFO:240/1238,train_loss:0.137
2020-12-15 14:07:01,375:INFO:241/1238,train_loss:0.118
2020-12-15 14:07:01,496:INFO:242/1238,train_loss:0.136
2020-12-15 14:07:01,615:INFO:243/1238,train_loss:0.106
2020-12-15 14:07:01,732:INFO:244/1238,train_loss:0.100
2020-12-15 14:07:01,852:INFO:245/1238,train_loss:0.134
2020-12-15 14:07:01,973:INFO:246/1238,train_loss:0.137
2020-12-15 14:07:02,091:INFO:247/1238,train_loss:0.137
2020-12-15 14:07:02,211:INFO:248/1238,train_loss:0.109
2020-12-15 14:07:02,330:INFO:249/1238,train_loss:0.119
2020-12-15 14:07:02,450:INFO:250/1238,train_loss:0.107
2020-12-15 14:07:02,567:INFO:251/1238,train_loss:0.123
2020-12-15 14:07:02,689:INFO:252/1238,train_loss:0.097
2020-12-15 14:07:02,808:INFO:253/1238,train_loss:0.109
2020-12-15 14:07:02,925:INFO:254/1238,train_loss:0.116
2020-12-15 14:07:03,046:INFO:255/1238,train_loss:0.092
2020-12-15 14:07:03,165:INFO:256/1238,train_loss:0.096
2020-12-15 14:07:03,285:INFO:257/1238,train_loss:0.100
2020-12-15 14:07:03,405:INFO:258/1238,train_loss:0.091
2020-12-15 14:07:03,525:INFO:259/1238,train_loss:0.101
2020-12-15 14:07:03,644:INFO:260/1238,train_loss:0.096
2020-12-15 14:07:03,764:INFO:261/1238,train_loss:0.097
2020-12-15 14:07:03,883:INFO:262/1238,train_loss:0.102
2020-12-15 14:07:04,003:INFO:263/1238,train_loss:0.100
2020-12-15 14:07:04,123:INFO:264/1238,train_loss:0.098
2020-12-15 14:07:04,243:INFO:265/1238,train_loss:0.088
2020-12-15 14:07:04,360:INFO:266/1238,train_loss:0.081
2020-12-15 14:07:04,479:INFO:267/1238,train_loss:0.082
2020-12-15 14:07:04,600:INFO:268/1238,train_loss:0.090
2020-12-15 14:07:04,720:INFO:269/1238,train_loss:0.079
2020-12-15 14:07:04,841:INFO:270/1238,train_loss:0.085
2020-12-15 14:07:04,961:INFO:271/1238,train_loss:0.088
2020-12-15 14:07:05,080:INFO:272/1238,train_loss:0.095
2020-12-15 14:07:05,201:INFO:273/1238,train_loss:0.084
2020-12-15 14:07:05,320:INFO:274/1238,train_loss:0.076
2020-12-15 14:07:05,440:INFO:275/1238,train_loss:0.076
2020-12-15 14:07:05,559:INFO:276/1238,train_loss:0.075
2020-12-15 14:07:05,681:INFO:277/1238,train_loss:0.078
2020-12-15 14:07:05,803:INFO:278/1238,train_loss:0.080
2020-12-15 14:07:05,923:INFO:279/1238,train_loss:0.080
2020-12-15 14:07:06,042:INFO:280/1238,train_loss:0.085
2020-12-15 14:07:06,161:INFO:281/1238,train_loss:0.073
2020-12-15 14:07:06,279:INFO:282/1238,train_loss:0.072
2020-12-15 14:07:06,397:INFO:283/1238,train_loss:0.072
2020-12-15 14:07:06,516:INFO:284/1238,train_loss:0.074
2020-12-15 14:07:06,636:INFO:285/1238,train_loss:0.078
2020-12-15 14:07:06,757:INFO:286/1238,train_loss:0.069
2020-12-15 14:07:06,877:INFO:287/1238,train_loss:0.070
2020-12-15 14:07:06,997:INFO:288/1238,train_loss:0.069
2020-12-15 14:07:07,116:INFO:289/1238,train_loss:0.109
2020-12-15 14:07:07,236:INFO:290/1238,train_loss:0.103
2020-12-15 14:07:07,356:INFO:291/1238,train_loss:0.116
2020-12-15 14:07:07,474:INFO:292/1238,train_loss:0.101
2020-12-15 14:07:07,595:INFO:293/1238,train_loss:0.091
2020-12-15 14:07:07,714:INFO:294/1238,train_loss:0.105
2020-12-15 14:07:07,834:INFO:295/1238,train_loss:0.098
2020-12-15 14:07:07,957:INFO:296/1238,train_loss:0.101
2020-12-15 14:07:08,077:INFO:297/1238,train_loss:0.106
2020-12-15 14:07:08,197:INFO:298/1238,train_loss:0.104
2020-12-15 14:07:08,317:INFO:299/1238,train_loss:0.064
2020-12-15 14:07:08,438:INFO:300/1238,train_loss:0.094
2020-12-15 14:07:08,558:INFO:301/1238,train_loss:0.102
2020-12-15 14:07:08,679:INFO:302/1238,train_loss:0.101
2020-12-15 14:07:08,821:INFO:303/1238,train_loss:0.098
2020-12-15 14:07:08,946:INFO:304/1238,train_loss:0.098
2020-12-15 14:07:09,071:INFO:305/1238,train_loss:0.093
2020-12-15 14:07:09,196:INFO:306/1238,train_loss:0.089
2020-12-15 14:07:09,305:INFO:307/1238,train_loss:0.120
2020-12-15 14:07:09,430:INFO:308/1238,train_loss:0.101
2020-12-15 14:07:09,556:INFO:309/1238,train_loss:0.099
